<?xml version="1.0" encoding="UTF-8"?>
<!-- Generated by org.testng.reporters.JUnitXMLReporter -->
<testsuite ignored="1" hostname="IN-PG0352G7" failures="0" tests="1" name="FirefoxTest" time="2.213" errors="0" timestamp="2023-07-04T13:58:08 IST">
  <testcase classname="Selenium_Java_Assignment.AutomationTest" name="automationTest" time="0.0">
    <skipped/>
  </testcase> <!-- automationTest -->
  <testcase classname="testBase.TestBase" name="@BeforeTest launchBrowserAndNavigate" time="0.0">
    <ignored/>
  </testcase> <!-- @BeforeTest launchBrowserAndNavigate -->
</testsuite> <!-- FirefoxTest -->
